Flow report for CPU_GMW
Tue Dec 10 16:36:50 2019
Quartus II 32-bit Version 13.1.0 Build 162 10/23/2013 SJ Web Edition


---------------------
; Table of Contents ;
---------------------
  1. Legal Notice
  2. Flow Summary
  3. Flow Settings
  4. Flow Non-Default Global Settings
  5. Flow Elapsed Time
  6. Flow OS Summary
  7. Flow Log
  8. Flow Messages
  9. Flow Suppressed Messages



----------------
; Legal Notice ;
----------------
Copyright (C) 1991-2013 Altera Corporation
Your use of Altera Corporation's design tools, logic functions 
and other software and tools, and its AMPP partner logic 
functions, and any output files from any of the foregoing 
(including device programming or simulation files), and any 
associated documentation or information are expressly subject 
to the terms and conditions of the Altera Program License 
Subscription Agreement, Altera MegaCore Function License 
Agreement, or other applicable license agreement, including, 
without limitation, that your use is for the sole purpose of 
programming logic devices manufactured by Altera and sold by 
Altera or its authorized distributors.  Please refer to the 
applicable agreement for further details.



+---------------------------------------------------------------------------------+
; Flow Summary                                                                    ;
+------------------------------------+--------------------------------------------+
; Flow Status                        ; Successful - Tue Dec 10 16:36:50 2019      ;
; Quartus II 32-bit Version          ; 13.1.0 Build 162 10/23/2013 SJ Web Edition ;
; Revision Name                      ; CPU_GMW                                    ;
; Top-level Entity Name              ; CPU                                        ;
; Family                             ; Cyclone IV E                               ;
; Device                             ; EP4CE6E22C8                                ;
; Timing Models                      ; Final                                      ;
; Total logic elements               ; 1,799 / 6,272 ( 29 % )                     ;
;     Total combinational functions  ; 1,704 / 6,272 ( 27 % )                     ;
;     Dedicated logic registers      ; 965 / 6,272 ( 15 % )                       ;
; Total registers                    ; 965                                        ;
; Total pins                         ; 16 / 92 ( 17 % )                           ;
; Total virtual pins                 ; 0                                          ;
; Total memory bits                  ; 44,032 / 276,480 ( 16 % )                  ;
; Embedded Multiplier 9-bit elements ; 0 / 30 ( 0 % )                             ;
; Total PLLs                         ; 0 / 2 ( 0 % )                              ;
+------------------------------------+--------------------------------------------+


+-----------------------------------------+
; Flow Settings                           ;
+-------------------+---------------------+
; Option            ; Setting             ;
+-------------------+---------------------+
; Start date & time ; 12/10/2019 16:35:55 ;
; Main task         ; Compilation         ;
; Revision Name     ; CPU_GMW             ;
+-------------------+---------------------+


+------------------------------------------------------------------------------------------------------------------------------------------------------------------------------------------+
; Flow Non-Default Global Settings                                                                                                                                                         ;
+-------------------------------------+-------------------------------------------------------+---------------+-----------------------------------------------------------+----------------+
; Assignment Name                     ; Value                                                 ; Default Value ; Entity Name                                               ; Section Id     ;
+-------------------------------------+-------------------------------------------------------+---------------+-----------------------------------------------------------+----------------+
; COMPILER_SIGNATURE_ID               ; 229335795516239.157600655411156                       ; --            ; --                                                        ; --             ;
; EDA_OUTPUT_DATA_FORMAT              ; Vhdl                                                  ; --            ; --                                                        ; eda_simulation ;
; EDA_SIMULATION_TOOL                 ; ModelSim-Altera (VHDL)                                ; <None>        ; --                                                        ; --             ;
; IP_TOOL_ENV                         ; Qsys                                                  ; --            ; CPU                                                       ; --             ;
; IP_TOOL_ENV                         ; Qsys                                                  ; --            ; CPU_JumpButton                                            ; --             ;
; IP_TOOL_ENV                         ; Qsys                                                  ; --            ; CPU_LED                                                   ; --             ;
; IP_TOOL_ENV                         ; Qsys                                                  ; --            ; CPU_irq_mapper                                            ; --             ;
; IP_TOOL_ENV                         ; Qsys                                                  ; --            ; CPU_jtag_uart_0                                           ; --             ;
; IP_TOOL_ENV                         ; Qsys                                                  ; --            ; CPU_mm_interconnect_0                                     ; --             ;
; IP_TOOL_ENV                         ; Qsys                                                  ; --            ; CPU_mm_interconnect_0_addr_router                         ; --             ;
; IP_TOOL_ENV                         ; Qsys                                                  ; --            ; CPU_mm_interconnect_0_cmd_xbar_demux                      ; --             ;
; IP_TOOL_ENV                         ; Qsys                                                  ; --            ; CPU_mm_interconnect_0_cmd_xbar_mux                        ; --             ;
; IP_TOOL_ENV                         ; Qsys                                                  ; --            ; CPU_mm_interconnect_0_id_router                           ; --             ;
; IP_TOOL_ENV                         ; Qsys                                                  ; --            ; CPU_mm_interconnect_0_rsp_xbar_demux                      ; --             ;
; IP_TOOL_ENV                         ; Qsys                                                  ; --            ; CPU_mm_interconnect_0_rsp_xbar_mux                        ; --             ;
; IP_TOOL_ENV                         ; Qsys                                                  ; --            ; CPU_nios2_qsys_0                                          ; --             ;
; IP_TOOL_ENV                         ; Qsys                                                  ; --            ; CPU_nios2_qsys_0_custom_instruction_master_multi_xconnect ; --             ;
; IP_TOOL_ENV                         ; Qsys                                                  ; --            ; CPU_onchip_memory2_0                                      ; --             ;
; IP_TOOL_ENV                         ; Qsys                                                  ; --            ; altera_avalon_sc_fifo                                     ; --             ;
; IP_TOOL_ENV                         ; Qsys                                                  ; --            ; altera_customins_master_translator                        ; --             ;
; IP_TOOL_ENV                         ; Qsys                                                  ; --            ; altera_customins_slave_translator                         ; --             ;
; IP_TOOL_ENV                         ; Qsys                                                  ; --            ; altera_merlin_master_agent                                ; --             ;
; IP_TOOL_ENV                         ; Qsys                                                  ; --            ; altera_merlin_master_translator                           ; --             ;
; IP_TOOL_ENV                         ; Qsys                                                  ; --            ; altera_merlin_slave_agent                                 ; --             ;
; IP_TOOL_ENV                         ; Qsys                                                  ; --            ; altera_merlin_slave_translator                            ; --             ;
; IP_TOOL_ENV                         ; Qsys                                                  ; --            ; altera_reset_controller                                   ; --             ;
; IP_TOOL_NAME                        ; Qsys                                                  ; --            ; CPU                                                       ; --             ;
; IP_TOOL_NAME                        ; altera_avalon_pio                                     ; --            ; CPU_JumpButton                                            ; --             ;
; IP_TOOL_NAME                        ; altera_avalon_pio                                     ; --            ; CPU_LED                                                   ; --             ;
; IP_TOOL_NAME                        ; altera_irq_mapper                                     ; --            ; CPU_irq_mapper                                            ; --             ;
; IP_TOOL_NAME                        ; altera_avalon_jtag_uart                               ; --            ; CPU_jtag_uart_0                                           ; --             ;
; IP_TOOL_NAME                        ; altera_merlin_interconnect_wrapper                    ; --            ; CPU_mm_interconnect_0                                     ; --             ;
; IP_TOOL_NAME                        ; altera_merlin_router                                  ; --            ; CPU_mm_interconnect_0_addr_router                         ; --             ;
; IP_TOOL_NAME                        ; altera_merlin_demultiplexer                           ; --            ; CPU_mm_interconnect_0_cmd_xbar_demux                      ; --             ;
; IP_TOOL_NAME                        ; altera_merlin_multiplexer                             ; --            ; CPU_mm_interconnect_0_cmd_xbar_mux                        ; --             ;
; IP_TOOL_NAME                        ; altera_merlin_router                                  ; --            ; CPU_mm_interconnect_0_id_router                           ; --             ;
; IP_TOOL_NAME                        ; altera_merlin_demultiplexer                           ; --            ; CPU_mm_interconnect_0_rsp_xbar_demux                      ; --             ;
; IP_TOOL_NAME                        ; altera_merlin_multiplexer                             ; --            ; CPU_mm_interconnect_0_rsp_xbar_mux                        ; --             ;
; IP_TOOL_NAME                        ; altera_nios2_qsys                                     ; --            ; CPU_nios2_qsys_0                                          ; --             ;
; IP_TOOL_NAME                        ; altera_customins_xconnect                             ; --            ; CPU_nios2_qsys_0_custom_instruction_master_multi_xconnect ; --             ;
; IP_TOOL_NAME                        ; altera_avalon_onchip_memory2                          ; --            ; CPU_onchip_memory2_0                                      ; --             ;
; IP_TOOL_NAME                        ; altera_avalon_sc_fifo                                 ; --            ; altera_avalon_sc_fifo                                     ; --             ;
; IP_TOOL_NAME                        ; altera_customins_master_translator                    ; --            ; altera_customins_master_translator                        ; --             ;
; IP_TOOL_NAME                        ; altera_customins_slave_translator                     ; --            ; altera_customins_slave_translator                         ; --             ;
; IP_TOOL_NAME                        ; altera_merlin_master_agent                            ; --            ; altera_merlin_master_agent                                ; --             ;
; IP_TOOL_NAME                        ; altera_merlin_master_translator                       ; --            ; altera_merlin_master_translator                           ; --             ;
; IP_TOOL_NAME                        ; altera_merlin_slave_agent                             ; --            ; altera_merlin_slave_agent                                 ; --             ;
; IP_TOOL_NAME                        ; altera_merlin_slave_translator                        ; --            ; altera_merlin_slave_translator                            ; --             ;
; IP_TOOL_NAME                        ; altera_reset_controller                               ; --            ; altera_reset_controller                                   ; --             ;
; IP_TOOL_VERSION                     ; 13.1                                                  ; --            ; CPU                                                       ; --             ;
; IP_TOOL_VERSION                     ; 13.1                                                  ; --            ; CPU_JumpButton                                            ; --             ;
; IP_TOOL_VERSION                     ; 13.1                                                  ; --            ; CPU_LED                                                   ; --             ;
; IP_TOOL_VERSION                     ; 13.1                                                  ; --            ; CPU_irq_mapper                                            ; --             ;
; IP_TOOL_VERSION                     ; 13.1                                                  ; --            ; CPU_jtag_uart_0                                           ; --             ;
; IP_TOOL_VERSION                     ; 13.1                                                  ; --            ; CPU_mm_interconnect_0                                     ; --             ;
; IP_TOOL_VERSION                     ; 13.1                                                  ; --            ; CPU_mm_interconnect_0_addr_router                         ; --             ;
; IP_TOOL_VERSION                     ; 13.1                                                  ; --            ; CPU_mm_interconnect_0_cmd_xbar_demux                      ; --             ;
; IP_TOOL_VERSION                     ; 13.1                                                  ; --            ; CPU_mm_interconnect_0_cmd_xbar_mux                        ; --             ;
; IP_TOOL_VERSION                     ; 13.1                                                  ; --            ; CPU_mm_interconnect_0_id_router                           ; --             ;
; IP_TOOL_VERSION                     ; 13.1                                                  ; --            ; CPU_mm_interconnect_0_rsp_xbar_demux                      ; --             ;
; IP_TOOL_VERSION                     ; 13.1                                                  ; --            ; CPU_mm_interconnect_0_rsp_xbar_mux                        ; --             ;
; IP_TOOL_VERSION                     ; 13.1                                                  ; --            ; CPU_nios2_qsys_0                                          ; --             ;
; IP_TOOL_VERSION                     ; 13.1                                                  ; --            ; CPU_nios2_qsys_0_custom_instruction_master_multi_xconnect ; --             ;
; IP_TOOL_VERSION                     ; 13.1                                                  ; --            ; CPU_onchip_memory2_0                                      ; --             ;
; IP_TOOL_VERSION                     ; 13.1                                                  ; --            ; altera_avalon_sc_fifo                                     ; --             ;
; IP_TOOL_VERSION                     ; 13.1                                                  ; --            ; altera_customins_master_translator                        ; --             ;
; IP_TOOL_VERSION                     ; 13.1                                                  ; --            ; altera_customins_slave_translator                         ; --             ;
; IP_TOOL_VERSION                     ; 13.1                                                  ; --            ; altera_merlin_master_agent                                ; --             ;
; IP_TOOL_VERSION                     ; 13.1                                                  ; --            ; altera_merlin_master_translator                           ; --             ;
; IP_TOOL_VERSION                     ; 13.1                                                  ; --            ; altera_merlin_slave_agent                                 ; --             ;
; IP_TOOL_VERSION                     ; 13.1                                                  ; --            ; altera_merlin_slave_translator                            ; --             ;
; IP_TOOL_VERSION                     ; 13.1                                                  ; --            ; altera_reset_controller                                   ; --             ;
; MAX_CORE_JUNCTION_TEMP              ; 85                                                    ; --            ; --                                                        ; --             ;
; MIN_CORE_JUNCTION_TEMP              ; 0                                                     ; --            ; --                                                        ; --             ;
; MISC_FILE                           ; CPU/synthesis/../../CPU.cmp                           ; --            ; --                                                        ; --             ;
; MISC_FILE                           ; CPU/synthesis/../../CPU.qsys                          ; --            ; --                                                        ; --             ;
; PARTITION_COLOR                     ; 16764057                                              ; --            ; CPU                                                       ; Top            ;
; PARTITION_FITTER_PRESERVATION_LEVEL ; PLACEMENT_AND_ROUTING                                 ; --            ; CPU                                                       ; Top            ;
; PARTITION_NETLIST_TYPE              ; SOURCE                                                ; --            ; CPU                                                       ; Top            ;
; POWER_BOARD_THERMAL_MODEL           ; None (CONSERVATIVE)                                   ; --            ; --                                                        ; --             ;
; POWER_PRESET_COOLING_SOLUTION       ; 23 MM HEAT SINK WITH 200 LFPM AIRFLOW                 ; --            ; --                                                        ; --             ;
; PROJECT_OUTPUT_DIRECTORY            ; output_files                                          ; --            ; --                                                        ; --             ;
; SLD_FILE                            ; CPU/synthesis/CPU.regmap                              ; --            ; --                                                        ; --             ;
; SLD_FILE                            ; CPU/synthesis/CPU.debuginfo                           ; --            ; --                                                        ; --             ;
; SLD_INFO                            ; QSYS_NAME CPU HAS_SOPCINFO 1 GENERATION_ID 1576005315 ; --            ; CPU                                                       ; --             ;
; SOPCINFO_FILE                       ; CPU/synthesis/../../CPU.sopcinfo                      ; --            ; --                                                        ; --             ;
; SYNTHESIS_ONLY_QIP                  ; On                                                    ; --            ; --                                                        ; --             ;
; TOP_LEVEL_ENTITY                    ; CPU                                                   ; CPU_GMW       ; --                                                        ; --             ;
+-------------------------------------+-------------------------------------------------------+---------------+-----------------------------------------------------------+----------------+


+-------------------------------------------------------------------------------------------------------------------------------+
; Flow Elapsed Time                                                                                                             ;
+---------------------------+--------------+-------------------------+---------------------+------------------------------------+
; Module Name               ; Elapsed Time ; Average Processors Used ; Peak Virtual Memory ; Total CPU Time (on all processors) ;
+---------------------------+--------------+-------------------------+---------------------+------------------------------------+
; Analysis & Synthesis      ; 00:00:20     ; 1.0                     ; 478 MB              ; 00:00:18                           ;
; Fitter                    ; 00:00:14     ; 1.1                     ; 694 MB              ; 00:00:13                           ;
; Assembler                 ; 00:00:01     ; 1.0                     ; 402 MB              ; 00:00:01                           ;
; TimeQuest Timing Analyzer ; 00:00:04     ; 1.3                     ; 437 MB              ; 00:00:04                           ;
; EDA Netlist Writer        ; 00:00:07     ; 1.0                     ; 382 MB              ; 00:00:03                           ;
; Total                     ; 00:00:46     ; --                      ; --                  ; 00:00:39                           ;
+---------------------------+--------------+-------------------------+---------------------+------------------------------------+


+----------------------------------------------------------------------------------------+
; Flow OS Summary                                                                        ;
+---------------------------+------------------+-----------+------------+----------------+
; Module Name               ; Machine Hostname ; OS Name   ; OS Version ; Processor type ;
+---------------------------+------------------+-----------+------------+----------------+
; Analysis & Synthesis      ; DESKTOP-DAST80P  ; Windows 7 ; 6.2        ; x86_64         ;
; Fitter                    ; DESKTOP-DAST80P  ; Windows 7 ; 6.2        ; x86_64         ;
; Assembler                 ; DESKTOP-DAST80P  ; Windows 7 ; 6.2        ; x86_64         ;
; TimeQuest Timing Analyzer ; DESKTOP-DAST80P  ; Windows 7 ; 6.2        ; x86_64         ;
; EDA Netlist Writer        ; DESKTOP-DAST80P  ; Windows 7 ; 6.2        ; x86_64         ;
+---------------------------+------------------+-----------+------------+----------------+


------------
; Flow Log ;
------------
quartus_map --read_settings_files=on --write_settings_files=off CPU_GMW -c CPU_GMW
quartus_fit --read_settings_files=off --write_settings_files=off CPU_GMW -c CPU_GMW
quartus_asm --read_settings_files=off --write_settings_files=off CPU_GMW -c CPU_GMW
quartus_sta CPU_GMW -c CPU_GMW
quartus_eda --read_settings_files=off --write_settings_files=off CPU_GMW -c CPU_GMW



